  Breakout_Main.cpp
e:\users\commander shepard\documents\visual studio 2017\myprojects\breakout_v2\breakout_v2\breakout_main.cpp(44): warning C4244: 'initializing': conversion from 'double' to 'float', possible loss of data
e:\users\commander shepard\documents\visual studio 2017\myprojects\breakout_v2\breakout_v2\breakout_main.cpp(45): warning C4244: 'initializing': conversion from 'double' to 'float', possible loss of data
e:\users\commander shepard\documents\visual studio 2017\myprojects\breakout_v2\breakout_v2\breakout_main.cpp(46): warning C4244: 'initializing': conversion from 'double' to 'float', possible loss of data
e:\users\commander shepard\documents\visual studio 2017\myprojects\breakout_v2\breakout_v2\breakout_main.cpp(47): warning C4244: 'initializing': conversion from 'double' to 'float', possible loss of data
e:\users\commander shepard\documents\visual studio 2017\myprojects\breakout_v2\breakout_v2\breakout_main.cpp(100): warning C4244: '=': conversion from 'int' to 'float', possible loss of data
e:\users\commander shepard\documents\visual studio 2017\myprojects\breakout_v2\breakout_v2\breakout_main.cpp(101): warning C4244: '=': conversion from 'int' to 'float', possible loss of data
e:\users\commander shepard\documents\visual studio 2017\myprojects\breakout_v2\breakout_v2\breakout_main.cpp(104): warning C4305: '=': truncation from 'double' to 'float'
e:\users\commander shepard\documents\visual studio 2017\myprojects\breakout_v2\breakout_v2\breakout_main.cpp(105): warning C4305: '=': truncation from 'double' to 'float'
e:\users\commander shepard\documents\visual studio 2017\myprojects\breakout_v2\breakout_v2\breakout_main.cpp(116): warning C4244: '=': conversion from 'int' to 'float', possible loss of data
e:\users\commander shepard\documents\visual studio 2017\myprojects\breakout_v2\breakout_v2\breakout_main.cpp(120): warning C4305: '=': truncation from 'double' to 'float'
e:\users\commander shepard\documents\visual studio 2017\myprojects\breakout_v2\breakout_v2\breakout_main.cpp(201): warning C4838: conversion from 'float' to 'int' requires a narrowing conversion
e:\users\commander shepard\documents\visual studio 2017\myprojects\breakout_v2\breakout_v2\breakout_main.cpp(201): warning C4244: 'initializing': conversion from 'float' to 'int', possible loss of data
e:\users\commander shepard\documents\visual studio 2017\myprojects\breakout_v2\breakout_v2\breakout_main.cpp(208): warning C4838: conversion from 'float' to 'int' requires a narrowing conversion
e:\users\commander shepard\documents\visual studio 2017\myprojects\breakout_v2\breakout_v2\breakout_main.cpp(208): warning C4244: 'initializing': conversion from 'float' to 'int', possible loss of data
e:\users\commander shepard\documents\visual studio 2017\myprojects\breakout_v2\breakout_v2\breakout_main.cpp(212): warning C4838: conversion from 'float' to 'int' requires a narrowing conversion
e:\users\commander shepard\documents\visual studio 2017\myprojects\breakout_v2\breakout_v2\breakout_main.cpp(212): warning C4244: 'initializing': conversion from 'float' to 'int', possible loss of data
e:\users\commander shepard\documents\visual studio 2017\myprojects\breakout_v2\breakout_v2\breakout_main.cpp(224): warning C4838: conversion from 'float' to 'int' requires a narrowing conversion
e:\users\commander shepard\documents\visual studio 2017\myprojects\breakout_v2\breakout_v2\breakout_main.cpp(224): warning C4244: 'initializing': conversion from 'float' to 'int', possible loss of data
e:\users\commander shepard\documents\visual studio 2017\myprojects\breakout_v2\breakout_v2\breakout_main.cpp(238): warning C4838: conversion from 'float' to 'int' requires a narrowing conversion
e:\users\commander shepard\documents\visual studio 2017\myprojects\breakout_v2\breakout_v2\breakout_main.cpp(238): warning C4244: 'initializing': conversion from 'float' to 'int', possible loss of data
e:\users\commander shepard\documents\visual studio 2017\myprojects\breakout_v2\breakout_v2\breakout_main.cpp(242): warning C4838: conversion from 'float' to 'int' requires a narrowing conversion
e:\users\commander shepard\documents\visual studio 2017\myprojects\breakout_v2\breakout_v2\breakout_main.cpp(242): warning C4244: 'initializing': conversion from 'float' to 'int', possible loss of data
e:\users\commander shepard\documents\visual studio 2017\myprojects\breakout_v2\breakout_v2\breakout_main.cpp(250): warning C4838: conversion from 'float' to 'int' requires a narrowing conversion
e:\users\commander shepard\documents\visual studio 2017\myprojects\breakout_v2\breakout_v2\breakout_main.cpp(250): warning C4244: 'initializing': conversion from 'float' to 'int', possible loss of data
e:\users\commander shepard\documents\visual studio 2017\myprojects\breakout_v2\breakout_v2\breakout_main.cpp(257): warning C4838: conversion from 'float' to 'int' requires a narrowing conversion
e:\users\commander shepard\documents\visual studio 2017\myprojects\breakout_v2\breakout_v2\breakout_main.cpp(257): warning C4244: 'initializing': conversion from 'float' to 'int', possible loss of data
e:\users\commander shepard\documents\visual studio 2017\myprojects\breakout_v2\breakout_v2\breakout_main.cpp(261): warning C4838: conversion from 'float' to 'int' requires a narrowing conversion
e:\users\commander shepard\documents\visual studio 2017\myprojects\breakout_v2\breakout_v2\breakout_main.cpp(261): warning C4244: 'initializing': conversion from 'float' to 'int', possible loss of data
  Breakout_v2.vcxproj -> e:\Users\Commander Shepard\Documents\Visual Studio 2017\MyProjects\Breakout_v2\Debug\Breakout_v2.exe
