  Breakout_Main.cpp
e:\users\commander shepard\documents\visual studio 2017\myprojects\breakout\breakout\breakout_main.cpp(45): warning C4244: 'initializing': conversion from 'double' to 'float', possible loss of data
e:\users\commander shepard\documents\visual studio 2017\myprojects\breakout\breakout\breakout_main.cpp(46): warning C4244: 'initializing': conversion from 'double' to 'float', possible loss of data
e:\users\commander shepard\documents\visual studio 2017\myprojects\breakout\breakout\breakout_main.cpp(47): warning C4244: 'initializing': conversion from 'double' to 'float', possible loss of data
e:\users\commander shepard\documents\visual studio 2017\myprojects\breakout\breakout\breakout_main.cpp(48): warning C4244: 'initializing': conversion from 'double' to 'float', possible loss of data
e:\users\commander shepard\documents\visual studio 2017\myprojects\breakout\breakout\breakout_main.cpp(101): warning C4244: '=': conversion from 'int' to 'float', possible loss of data
e:\users\commander shepard\documents\visual studio 2017\myprojects\breakout\breakout\breakout_main.cpp(102): warning C4244: '=': conversion from 'int' to 'float', possible loss of data
e:\users\commander shepard\documents\visual studio 2017\myprojects\breakout\breakout\breakout_main.cpp(105): warning C4305: '=': truncation from 'double' to 'float'
e:\users\commander shepard\documents\visual studio 2017\myprojects\breakout\breakout\breakout_main.cpp(106): warning C4305: '=': truncation from 'double' to 'float'
e:\users\commander shepard\documents\visual studio 2017\myprojects\breakout\breakout\breakout_main.cpp(117): warning C4244: '=': conversion from 'int' to 'float', possible loss of data
e:\users\commander shepard\documents\visual studio 2017\myprojects\breakout\breakout\breakout_main.cpp(121): warning C4305: '=': truncation from 'double' to 'float'
e:\users\commander shepard\documents\visual studio 2017\myprojects\breakout\breakout\breakout_main.cpp(202): warning C4838: conversion from 'float' to 'int' requires a narrowing conversion
e:\users\commander shepard\documents\visual studio 2017\myprojects\breakout\breakout\breakout_main.cpp(202): warning C4244: 'initializing': conversion from 'float' to 'int', possible loss of data
e:\users\commander shepard\documents\visual studio 2017\myprojects\breakout\breakout\breakout_main.cpp(209): warning C4838: conversion from 'float' to 'int' requires a narrowing conversion
e:\users\commander shepard\documents\visual studio 2017\myprojects\breakout\breakout\breakout_main.cpp(209): warning C4244: 'initializing': conversion from 'float' to 'int', possible loss of data
e:\users\commander shepard\documents\visual studio 2017\myprojects\breakout\breakout\breakout_main.cpp(213): warning C4838: conversion from 'float' to 'int' requires a narrowing conversion
e:\users\commander shepard\documents\visual studio 2017\myprojects\breakout\breakout\breakout_main.cpp(213): warning C4244: 'initializing': conversion from 'float' to 'int', possible loss of data
e:\users\commander shepard\documents\visual studio 2017\myprojects\breakout\breakout\breakout_main.cpp(225): warning C4838: conversion from 'float' to 'int' requires a narrowing conversion
e:\users\commander shepard\documents\visual studio 2017\myprojects\breakout\breakout\breakout_main.cpp(225): warning C4244: 'initializing': conversion from 'float' to 'int', possible loss of data
e:\users\commander shepard\documents\visual studio 2017\myprojects\breakout\breakout\breakout_main.cpp(239): warning C4838: conversion from 'float' to 'int' requires a narrowing conversion
e:\users\commander shepard\documents\visual studio 2017\myprojects\breakout\breakout\breakout_main.cpp(239): warning C4244: 'initializing': conversion from 'float' to 'int', possible loss of data
e:\users\commander shepard\documents\visual studio 2017\myprojects\breakout\breakout\breakout_main.cpp(243): warning C4838: conversion from 'float' to 'int' requires a narrowing conversion
e:\users\commander shepard\documents\visual studio 2017\myprojects\breakout\breakout\breakout_main.cpp(243): warning C4244: 'initializing': conversion from 'float' to 'int', possible loss of data
e:\users\commander shepard\documents\visual studio 2017\myprojects\breakout\breakout\breakout_main.cpp(251): warning C4838: conversion from 'float' to 'int' requires a narrowing conversion
e:\users\commander shepard\documents\visual studio 2017\myprojects\breakout\breakout\breakout_main.cpp(251): warning C4244: 'initializing': conversion from 'float' to 'int', possible loss of data
e:\users\commander shepard\documents\visual studio 2017\myprojects\breakout\breakout\breakout_main.cpp(258): warning C4838: conversion from 'float' to 'int' requires a narrowing conversion
e:\users\commander shepard\documents\visual studio 2017\myprojects\breakout\breakout\breakout_main.cpp(258): warning C4244: 'initializing': conversion from 'float' to 'int', possible loss of data
e:\users\commander shepard\documents\visual studio 2017\myprojects\breakout\breakout\breakout_main.cpp(262): warning C4838: conversion from 'float' to 'int' requires a narrowing conversion
e:\users\commander shepard\documents\visual studio 2017\myprojects\breakout\breakout\breakout_main.cpp(262): warning C4244: 'initializing': conversion from 'float' to 'int', possible loss of data
  Breakout.vcxproj -> E:\Users\Commander Shepard\Documents\Visual Studio 2017\MyProjects\Breakout\Debug\Breakout.exe
