  main.cpp
e:\users\commander shepard\documents\github\computergraphics_zacharyedwards\midterm_final\midterm_final\animation.h(25): warning C4244: '=': conversion from 'int' to 'float', possible loss of data
e:\users\commander shepard\documents\github\computergraphics_zacharyedwards\midterm_final\midterm_final\animation.h(26): warning C4244: '=': conversion from 'int' to 'float', possible loss of data
e:\users\commander shepard\documents\github\computergraphics_zacharyedwards\midterm_final\midterm_final\animation.h(40): warning C4838: conversion from 'float' to 'int' requires a narrowing conversion
e:\users\commander shepard\documents\github\computergraphics_zacharyedwards\midterm_final\midterm_final\animation.h(40): warning C4244: 'initializing': conversion from 'float' to 'int', possible loss of data
e:\users\commander shepard\documents\github\computergraphics_zacharyedwards\midterm_final\midterm_final\animation.h(41): warning C4838: conversion from 'float' to 'int' requires a narrowing conversion
e:\users\commander shepard\documents\github\computergraphics_zacharyedwards\midterm_final\midterm_final\animation.h(41): warning C4244: 'initializing': conversion from 'float' to 'int', possible loss of data
e:\users\commander shepard\documents\github\computergraphics_zacharyedwards\midterm_final\midterm_final\animation.h(54): warning C4838: conversion from 'float' to 'int' requires a narrowing conversion
e:\users\commander shepard\documents\github\computergraphics_zacharyedwards\midterm_final\midterm_final\animation.h(54): warning C4244: 'initializing': conversion from 'float' to 'int', possible loss of data
e:\users\commander shepard\documents\github\computergraphics_zacharyedwards\midterm_final\midterm_final\animation.h(55): warning C4838: conversion from 'float' to 'int' requires a narrowing conversion
e:\users\commander shepard\documents\github\computergraphics_zacharyedwards\midterm_final\midterm_final\animation.h(55): warning C4244: 'initializing': conversion from 'float' to 'int', possible loss of data
e:\users\commander shepard\documents\github\computergraphics_zacharyedwards\midterm_final\midterm_final\animation.h(68): warning C4838: conversion from 'float' to 'int' requires a narrowing conversion
e:\users\commander shepard\documents\github\computergraphics_zacharyedwards\midterm_final\midterm_final\animation.h(68): warning C4244: 'initializing': conversion from 'float' to 'int', possible loss of data
e:\users\commander shepard\documents\github\computergraphics_zacharyedwards\midterm_final\midterm_final\animation.h(69): warning C4838: conversion from 'float' to 'int' requires a narrowing conversion
e:\users\commander shepard\documents\github\computergraphics_zacharyedwards\midterm_final\midterm_final\animation.h(69): warning C4244: 'initializing': conversion from 'float' to 'int', possible loss of data
e:\users\commander shepard\documents\github\computergraphics_zacharyedwards\midterm_final\midterm_final\particles.h(52): warning C4305: '=': truncation from 'double' to 'float'
e:\users\commander shepard\documents\github\computergraphics_zacharyedwards\midterm_final\midterm_final\particles.h(136): warning C4838: conversion from 'float' to 'int' requires a narrowing conversion
e:\users\commander shepard\documents\github\computergraphics_zacharyedwards\midterm_final\midterm_final\particles.h(136): warning C4244: 'initializing': conversion from 'float' to 'int', possible loss of data
e:\users\commander shepard\documents\github\computergraphics_zacharyedwards\midterm_final\midterm_final\table_file_core.h(27): warning C4244: 'initializing': conversion from '__int64' to 'unsigned int', possible loss of data
e:\users\commander shepard\documents\github\computergraphics_zacharyedwards\midterm_final\midterm_final\table_file_core.h(30): warning C4244: 'argument': conversion from '__int64' to '::size_t', possible loss of data
e:\users\commander shepard\documents\github\computergraphics_zacharyedwards\midterm_final\midterm_final\table_file_core.h(58): warning C4244: '=': conversion from '__int64' to 'unsigned int', possible loss of data
e:\users\commander shepard\documents\github\computergraphics_zacharyedwards\midterm_final\midterm_final\table_file_core.h(90): warning C4244: 'initializing': conversion from '__int64' to 'unsigned int', possible loss of data
e:\users\commander shepard\documents\github\computergraphics_zacharyedwards\midterm_final\midterm_final\table_file_core.h(104): warning C4244: '=': conversion from '__int64' to 'unsigned int', possible loss of data
e:\users\commander shepard\documents\github\computergraphics_zacharyedwards\midterm_final\midterm_final\main.cpp(32): warning C4244: 'argument': conversion from 'time_t' to 'unsigned int', possible loss of data
e:\users\commander shepard\documents\github\computergraphics_zacharyedwards\midterm_final\midterm_final\main.cpp(102): warning C4838: conversion from 'double' to 'float' requires a narrowing conversion
e:\users\commander shepard\documents\github\computergraphics_zacharyedwards\midterm_final\midterm_final\main.cpp(102): warning C4305: 'initializing': truncation from 'double' to 'float'
e:\users\commander shepard\documents\github\computergraphics_zacharyedwards\midterm_final\midterm_final\main.cpp(111): warning C4838: conversion from 'double' to 'float' requires a narrowing conversion
e:\users\commander shepard\documents\github\computergraphics_zacharyedwards\midterm_final\midterm_final\main.cpp(111): warning C4305: 'initializing': truncation from 'double' to 'float'
e:\users\commander shepard\documents\github\computergraphics_zacharyedwards\midterm_final\midterm_final\main.cpp(120): warning C4838: conversion from 'double' to 'float' requires a narrowing conversion
e:\users\commander shepard\documents\github\computergraphics_zacharyedwards\midterm_final\midterm_final\main.cpp(120): warning C4305: 'initializing': truncation from 'double' to 'float'
e:\users\commander shepard\documents\github\computergraphics_zacharyedwards\midterm_final\midterm_final\main.cpp(129): warning C4838: conversion from 'double' to 'float' requires a narrowing conversion
e:\users\commander shepard\documents\github\computergraphics_zacharyedwards\midterm_final\midterm_final\main.cpp(129): warning C4305: 'initializing': truncation from 'double' to 'float'
e:\users\commander shepard\documents\github\computergraphics_zacharyedwards\midterm_final\midterm_final\main.cpp(138): warning C4838: conversion from 'double' to 'float' requires a narrowing conversion
e:\users\commander shepard\documents\github\computergraphics_zacharyedwards\midterm_final\midterm_final\main.cpp(138): warning C4305: 'initializing': truncation from 'double' to 'float'
e:\users\commander shepard\documents\github\computergraphics_zacharyedwards\midterm_final\midterm_final\main.cpp(147): warning C4838: conversion from 'double' to 'float' requires a narrowing conversion
e:\users\commander shepard\documents\github\computergraphics_zacharyedwards\midterm_final\midterm_final\main.cpp(147): warning C4305: 'initializing': truncation from 'double' to 'float'
e:\users\commander shepard\documents\github\computergraphics_zacharyedwards\midterm_final\midterm_final\main.cpp(153): warning C4838: conversion from 'double' to 'float' requires a narrowing conversion
e:\users\commander shepard\documents\github\computergraphics_zacharyedwards\midterm_final\midterm_final\main.cpp(153): warning C4305: 'initializing': truncation from 'double' to 'float'
e:\users\commander shepard\documents\github\computergraphics_zacharyedwards\midterm_final\midterm_final\main.cpp(154): warning C4838: conversion from 'double' to 'float' requires a narrowing conversion
e:\users\commander shepard\documents\github\computergraphics_zacharyedwards\midterm_final\midterm_final\main.cpp(154): warning C4305: 'initializing': truncation from 'double' to 'float'
e:\users\commander shepard\documents\github\computergraphics_zacharyedwards\midterm_final\midterm_final\main.cpp(162): warning C4838: conversion from 'double' to 'float' requires a narrowing conversion
e:\users\commander shepard\documents\github\computergraphics_zacharyedwards\midterm_final\midterm_final\main.cpp(162): warning C4305: 'initializing': truncation from 'double' to 'float'
e:\users\commander shepard\documents\github\computergraphics_zacharyedwards\midterm_final\midterm_final\main.cpp(163): warning C4838: conversion from 'double' to 'float' requires a narrowing conversion
e:\users\commander shepard\documents\github\computergraphics_zacharyedwards\midterm_final\midterm_final\main.cpp(163): warning C4305: 'initializing': truncation from 'double' to 'float'
e:\users\commander shepard\documents\github\computergraphics_zacharyedwards\midterm_final\midterm_final\main.cpp(166): warning C4244: '=': conversion from 'int' to 'float', possible loss of data
e:\users\commander shepard\documents\github\computergraphics_zacharyedwards\midterm_final\midterm_final\main.cpp(172): warning C4838: conversion from 'double' to 'float' requires a narrowing conversion
e:\users\commander shepard\documents\github\computergraphics_zacharyedwards\midterm_final\midterm_final\main.cpp(172): warning C4305: 'initializing': truncation from 'double' to 'float'
e:\users\commander shepard\documents\github\computergraphics_zacharyedwards\midterm_final\midterm_final\main.cpp(173): warning C4838: conversion from 'double' to 'float' requires a narrowing conversion
e:\users\commander shepard\documents\github\computergraphics_zacharyedwards\midterm_final\midterm_final\main.cpp(173): warning C4305: 'initializing': truncation from 'double' to 'float'
e:\users\commander shepard\documents\github\computergraphics_zacharyedwards\midterm_final\midterm_final\main.cpp(203): warning C4838: conversion from 'double' to 'float' requires a narrowing conversion
e:\users\commander shepard\documents\github\computergraphics_zacharyedwards\midterm_final\midterm_final\main.cpp(203): warning C4305: 'initializing': truncation from 'double' to 'float'
e:\users\commander shepard\documents\github\computergraphics_zacharyedwards\midterm_final\midterm_final\main.cpp(204): warning C4838: conversion from 'double' to 'float' requires a narrowing conversion
e:\users\commander shepard\documents\github\computergraphics_zacharyedwards\midterm_final\midterm_final\main.cpp(204): warning C4305: 'initializing': truncation from 'double' to 'float'
e:\users\commander shepard\documents\github\computergraphics_zacharyedwards\midterm_final\midterm_final\main.cpp(220): warning C4838: conversion from 'double' to 'float' requires a narrowing conversion
e:\users\commander shepard\documents\github\computergraphics_zacharyedwards\midterm_final\midterm_final\main.cpp(220): warning C4305: 'initializing': truncation from 'double' to 'float'
e:\users\commander shepard\documents\github\computergraphics_zacharyedwards\midterm_final\midterm_final\main.cpp(221): warning C4838: conversion from 'double' to 'float' requires a narrowing conversion
e:\users\commander shepard\documents\github\computergraphics_zacharyedwards\midterm_final\midterm_final\main.cpp(221): warning C4305: 'initializing': truncation from 'double' to 'float'
e:\users\commander shepard\documents\github\computergraphics_zacharyedwards\midterm_final\midterm_final\main.cpp(230): warning C4838: conversion from 'double' to 'float' requires a narrowing conversion
e:\users\commander shepard\documents\github\computergraphics_zacharyedwards\midterm_final\midterm_final\main.cpp(230): warning C4305: 'initializing': truncation from 'double' to 'float'
e:\users\commander shepard\documents\github\computergraphics_zacharyedwards\midterm_final\midterm_final\main.cpp(231): warning C4838: conversion from 'double' to 'float' requires a narrowing conversion
e:\users\commander shepard\documents\github\computergraphics_zacharyedwards\midterm_final\midterm_final\main.cpp(231): warning C4305: 'initializing': truncation from 'double' to 'float'
e:\users\commander shepard\documents\github\computergraphics_zacharyedwards\midterm_final\midterm_final\main.cpp(239): warning C4838: conversion from 'double' to 'float' requires a narrowing conversion
e:\users\commander shepard\documents\github\computergraphics_zacharyedwards\midterm_final\midterm_final\main.cpp(239): warning C4305: 'initializing': truncation from 'double' to 'float'
e:\users\commander shepard\documents\github\computergraphics_zacharyedwards\midterm_final\midterm_final\main.cpp(240): warning C4838: conversion from 'double' to 'float' requires a narrowing conversion
e:\users\commander shepard\documents\github\computergraphics_zacharyedwards\midterm_final\midterm_final\main.cpp(240): warning C4305: 'initializing': truncation from 'double' to 'float'
e:\users\commander shepard\documents\github\computergraphics_zacharyedwards\midterm_final\midterm_final\main.cpp(248): warning C4838: conversion from 'double' to 'float' requires a narrowing conversion
e:\users\commander shepard\documents\github\computergraphics_zacharyedwards\midterm_final\midterm_final\main.cpp(248): warning C4305: 'initializing': truncation from 'double' to 'float'
e:\users\commander shepard\documents\github\computergraphics_zacharyedwards\midterm_final\midterm_final\main.cpp(249): warning C4838: conversion from 'double' to 'float' requires a narrowing conversion
e:\users\commander shepard\documents\github\computergraphics_zacharyedwards\midterm_final\midterm_final\main.cpp(249): warning C4305: 'initializing': truncation from 'double' to 'float'
e:\users\commander shepard\documents\github\computergraphics_zacharyedwards\midterm_final\midterm_final\main.cpp(292): warning C4838: conversion from 'double' to 'float' requires a narrowing conversion
e:\users\commander shepard\documents\github\computergraphics_zacharyedwards\midterm_final\midterm_final\main.cpp(292): warning C4305: 'initializing': truncation from 'double' to 'float'
e:\users\commander shepard\documents\github\computergraphics_zacharyedwards\midterm_final\midterm_final\main.cpp(293): warning C4838: conversion from 'double' to 'float' requires a narrowing conversion
e:\users\commander shepard\documents\github\computergraphics_zacharyedwards\midterm_final\midterm_final\main.cpp(293): warning C4305: 'initializing': truncation from 'double' to 'float'
e:\users\commander shepard\documents\github\computergraphics_zacharyedwards\midterm_final\midterm_final\main.cpp(299): warning C4838: conversion from 'double' to 'float' requires a narrowing conversion
e:\users\commander shepard\documents\github\computergraphics_zacharyedwards\midterm_final\midterm_final\main.cpp(299): warning C4305: 'initializing': truncation from 'double' to 'float'
e:\users\commander shepard\documents\github\computergraphics_zacharyedwards\midterm_final\midterm_final\main.cpp(300): warning C4838: conversion from 'double' to 'float' requires a narrowing conversion
e:\users\commander shepard\documents\github\computergraphics_zacharyedwards\midterm_final\midterm_final\main.cpp(300): warning C4305: 'initializing': truncation from 'double' to 'float'
e:\users\commander shepard\documents\github\computergraphics_zacharyedwards\midterm_final\midterm_final\main.cpp(340): warning C4838: conversion from 'double' to 'float' requires a narrowing conversion
e:\users\commander shepard\documents\github\computergraphics_zacharyedwards\midterm_final\midterm_final\main.cpp(340): warning C4305: 'initializing': truncation from 'double' to 'float'
e:\users\commander shepard\documents\github\computergraphics_zacharyedwards\midterm_final\midterm_final\main.cpp(341): warning C4838: conversion from 'double' to 'float' requires a narrowing conversion
e:\users\commander shepard\documents\github\computergraphics_zacharyedwards\midterm_final\midterm_final\main.cpp(341): warning C4305: 'initializing': truncation from 'double' to 'float'
e:\users\commander shepard\documents\github\computergraphics_zacharyedwards\midterm_final\midterm_final\main.cpp(349): warning C4838: conversion from 'double' to 'float' requires a narrowing conversion
e:\users\commander shepard\documents\github\computergraphics_zacharyedwards\midterm_final\midterm_final\main.cpp(349): warning C4305: 'initializing': truncation from 'double' to 'float'
e:\users\commander shepard\documents\github\computergraphics_zacharyedwards\midterm_final\midterm_final\main.cpp(350): warning C4838: conversion from 'double' to 'float' requires a narrowing conversion
e:\users\commander shepard\documents\github\computergraphics_zacharyedwards\midterm_final\midterm_final\main.cpp(350): warning C4305: 'initializing': truncation from 'double' to 'float'
e:\users\commander shepard\documents\github\computergraphics_zacharyedwards\midterm_final\midterm_final\main.cpp(354): warning C4305: '=': truncation from 'double' to 'float'
e:\users\commander shepard\documents\github\computergraphics_zacharyedwards\midterm_final\midterm_final\main.cpp(409): warning C4838: conversion from 'double' to 'float' requires a narrowing conversion
e:\users\commander shepard\documents\github\computergraphics_zacharyedwards\midterm_final\midterm_final\main.cpp(409): warning C4305: 'initializing': truncation from 'double' to 'float'
e:\users\commander shepard\documents\github\computergraphics_zacharyedwards\midterm_final\midterm_final\main.cpp(410): warning C4838: conversion from 'double' to 'float' requires a narrowing conversion
e:\users\commander shepard\documents\github\computergraphics_zacharyedwards\midterm_final\midterm_final\main.cpp(410): warning C4305: 'initializing': truncation from 'double' to 'float'
e:\users\commander shepard\documents\github\computergraphics_zacharyedwards\midterm_final\midterm_final\main.cpp(411): warning C4838: conversion from 'double' to 'float' requires a narrowing conversion
e:\users\commander shepard\documents\github\computergraphics_zacharyedwards\midterm_final\midterm_final\main.cpp(411): warning C4305: 'initializing': truncation from 'double' to 'float'
e:\users\commander shepard\documents\github\computergraphics_zacharyedwards\midterm_final\midterm_final\main.cpp(412): warning C4838: conversion from 'double' to 'float' requires a narrowing conversion
e:\users\commander shepard\documents\github\computergraphics_zacharyedwards\midterm_final\midterm_final\main.cpp(412): warning C4305: 'initializing': truncation from 'double' to 'float'
e:\users\commander shepard\documents\github\computergraphics_zacharyedwards\midterm_final\midterm_final\main.cpp(413): warning C4838: conversion from 'double' to 'float' requires a narrowing conversion
e:\users\commander shepard\documents\github\computergraphics_zacharyedwards\midterm_final\midterm_final\main.cpp(413): warning C4305: 'initializing': truncation from 'double' to 'float'
e:\users\commander shepard\documents\github\computergraphics_zacharyedwards\midterm_final\midterm_final\main.cpp(414): warning C4305: 'initializing': truncation from 'double' to 'float'
e:\users\commander shepard\documents\github\computergraphics_zacharyedwards\midterm_final\midterm_final\main.cpp(432): warning C4018: '<': signed/unsigned mismatch
e:\users\commander shepard\documents\github\computergraphics_zacharyedwards\midterm_final\midterm_final\main.cpp(436): warning C4018: '<': signed/unsigned mismatch
e:\users\commander shepard\documents\github\computergraphics_zacharyedwards\midterm_final\midterm_final\main.cpp(449): warning C4018: '<': signed/unsigned mismatch
e:\users\commander shepard\documents\github\computergraphics_zacharyedwards\midterm_final\midterm_final\main.cpp(453): warning C4018: '<': signed/unsigned mismatch
e:\users\commander shepard\documents\github\computergraphics_zacharyedwards\midterm_final\midterm_final\main.cpp(964): warning C4244: 'argument': conversion from 'float' to 'int', possible loss of data
e:\users\commander shepard\documents\github\computergraphics_zacharyedwards\midterm_final\midterm_final\main.cpp(969): warning C4244: 'argument': conversion from 'float' to 'int', possible loss of data
e:\users\commander shepard\documents\github\computergraphics_zacharyedwards\midterm_final\midterm_final\main.cpp(974): warning C4244: 'argument': conversion from 'float' to 'int', possible loss of data
e:\users\commander shepard\documents\github\computergraphics_zacharyedwards\midterm_final\midterm_final\main.cpp(979): warning C4244: 'argument': conversion from 'float' to 'int', possible loss of data
e:\users\commander shepard\documents\github\computergraphics_zacharyedwards\midterm_final\midterm_final\main.cpp(984): warning C4244: 'argument': conversion from 'float' to 'int', possible loss of data
e:\users\commander shepard\documents\github\computergraphics_zacharyedwards\midterm_final\midterm_final\main.cpp(995): warning C4244: 'argument': conversion from 'float' to 'int', possible loss of data
e:\users\commander shepard\documents\github\computergraphics_zacharyedwards\midterm_final\midterm_final\main.cpp(1000): warning C4244: 'argument': conversion from 'float' to 'int', possible loss of data
e:\users\commander shepard\documents\github\computergraphics_zacharyedwards\midterm_final\midterm_final\main.cpp(1005): warning C4244: 'argument': conversion from 'float' to 'int', possible loss of data
e:\users\commander shepard\documents\github\computergraphics_zacharyedwards\midterm_final\midterm_final\main.cpp(1010): warning C4244: 'argument': conversion from 'float' to 'int', possible loss of data
e:\users\commander shepard\documents\github\computergraphics_zacharyedwards\midterm_final\midterm_final\main.cpp(1019): warning C4244: 'argument': conversion from 'float' to 'int', possible loss of data
e:\users\commander shepard\documents\github\computergraphics_zacharyedwards\midterm_final\midterm_final\main.cpp(1026): warning C4244: 'argument': conversion from 'float' to 'int', possible loss of data
e:\users\commander shepard\documents\github\computergraphics_zacharyedwards\midterm_final\midterm_final\main.cpp(1031): warning C4244: 'argument': conversion from 'float' to 'int', possible loss of data
e:\users\commander shepard\documents\github\computergraphics_zacharyedwards\midterm_final\midterm_final\main.cpp(1036): warning C4244: 'argument': conversion from 'float' to 'int', possible loss of data
e:\users\commander shepard\documents\github\computergraphics_zacharyedwards\midterm_final\midterm_final\main.cpp(1041): warning C4244: 'argument': conversion from 'float' to 'int', possible loss of data
e:\users\commander shepard\documents\github\computergraphics_zacharyedwards\midterm_final\midterm_final\main.cpp(1046): warning C4244: 'argument': conversion from 'float' to 'int', possible loss of data
e:\users\commander shepard\documents\github\computergraphics_zacharyedwards\midterm_final\midterm_final\main.cpp(1057): warning C4244: 'argument': conversion from 'float' to 'int', possible loss of data
e:\users\commander shepard\documents\github\computergraphics_zacharyedwards\midterm_final\midterm_final\main.cpp(1062): warning C4244: 'argument': conversion from 'float' to 'int', possible loss of data
e:\users\commander shepard\documents\github\computergraphics_zacharyedwards\midterm_final\midterm_final\main.cpp(1067): warning C4244: 'argument': conversion from 'float' to 'int', possible loss of data
e:\users\commander shepard\documents\github\computergraphics_zacharyedwards\midterm_final\midterm_final\main.cpp(1072): warning C4244: 'argument': conversion from 'float' to 'int', possible loss of data
e:\users\commander shepard\documents\github\computergraphics_zacharyedwards\midterm_final\midterm_final\main.cpp(1077): warning C4244: 'argument': conversion from 'float' to 'int', possible loss of data
e:\users\commander shepard\documents\github\computergraphics_zacharyedwards\midterm_final\midterm_final\main.cpp(1090): warning C4244: 'argument': conversion from 'float' to 'int', possible loss of data
e:\users\commander shepard\documents\github\computergraphics_zacharyedwards\midterm_final\midterm_final\main.cpp(1095): warning C4244: 'argument': conversion from 'float' to 'int', possible loss of data
e:\users\commander shepard\documents\github\computergraphics_zacharyedwards\midterm_final\midterm_final\main.cpp(1100): warning C4244: 'argument': conversion from 'float' to 'int', possible loss of data
e:\users\commander shepard\documents\github\computergraphics_zacharyedwards\midterm_final\midterm_final\main.cpp(1105): warning C4244: 'argument': conversion from 'float' to 'int', possible loss of data
e:\users\commander shepard\documents\github\computergraphics_zacharyedwards\midterm_final\midterm_final\main.cpp(1114): warning C4244: 'argument': conversion from 'float' to 'int', possible loss of data
e:\users\commander shepard\documents\github\computergraphics_zacharyedwards\midterm_final\midterm_final\main.cpp(1121): warning C4244: 'argument': conversion from 'float' to 'int', possible loss of data
e:\users\commander shepard\documents\github\computergraphics_zacharyedwards\midterm_final\midterm_final\main.cpp(1126): warning C4244: 'argument': conversion from 'float' to 'int', possible loss of data
e:\users\commander shepard\documents\github\computergraphics_zacharyedwards\midterm_final\midterm_final\main.cpp(1131): warning C4244: 'argument': conversion from 'float' to 'int', possible loss of data
e:\users\commander shepard\documents\github\computergraphics_zacharyedwards\midterm_final\midterm_final\main.cpp(1136): warning C4244: 'argument': conversion from 'float' to 'int', possible loss of data
e:\users\commander shepard\documents\github\computergraphics_zacharyedwards\midterm_final\midterm_final\main.cpp(1145): warning C4244: 'argument': conversion from 'float' to 'int', possible loss of data
e:\users\commander shepard\documents\github\computergraphics_zacharyedwards\midterm_final\midterm_final\main.cpp(1152): warning C4244: 'argument': conversion from 'float' to 'int', possible loss of data
e:\users\commander shepard\documents\github\computergraphics_zacharyedwards\midterm_final\midterm_final\main.cpp(1157): warning C4244: 'argument': conversion from 'float' to 'int', possible loss of data
e:\users\commander shepard\documents\github\computergraphics_zacharyedwards\midterm_final\midterm_final\main.cpp(1162): warning C4244: 'argument': conversion from 'float' to 'int', possible loss of data
e:\users\commander shepard\documents\github\computergraphics_zacharyedwards\midterm_final\midterm_final\main.cpp(1167): warning C4244: 'argument': conversion from 'float' to 'int', possible loss of data
e:\users\commander shepard\documents\github\computergraphics_zacharyedwards\midterm_final\midterm_final\main.cpp(1170): warning C4244: 'argument': conversion from 'float' to 'int', possible loss of data
e:\users\commander shepard\documents\github\computergraphics_zacharyedwards\midterm_final\midterm_final\main.cpp(1175): warning C4244: 'argument': conversion from 'float' to 'int', possible loss of data
e:\users\commander shepard\documents\github\computergraphics_zacharyedwards\midterm_final\midterm_final\main.cpp(1178): warning C4244: 'argument': conversion from 'float' to 'int', possible loss of data
e:\users\commander shepard\documents\github\computergraphics_zacharyedwards\midterm_final\midterm_final\main.cpp(1181): warning C4244: 'argument': conversion from 'float' to 'int', possible loss of data
  Midterm_Final.vcxproj -> E:\Users\Commander Shepard\Documents\GitHub\ComputerGraphics_ZacharyEdwards\Midterm_Final\Debug\Midterm_Final.exe
