  MultiBallPongMain.cpp
e:\users\commander shepard\documents\visual studio 2017\myprojects\pong\pong\multiballpongmain.cpp(70): warning C4244: 'argument': conversion from 'time_t' to 'unsigned int', possible loss of data
e:\users\commander shepard\documents\visual studio 2017\myprojects\pong\pong\multiballpongmain.cpp(81): warning C4305: 'initializing': truncation from 'double' to 'float'
e:\users\commander shepard\documents\visual studio 2017\myprojects\pong\pong\multiballpongmain.cpp(88): warning C4244: '=': conversion from 'int' to 'float', possible loss of data
e:\users\commander shepard\documents\visual studio 2017\myprojects\pong\pong\multiballpongmain.cpp(89): warning C4244: '=': conversion from 'int' to 'float', possible loss of data
e:\users\commander shepard\documents\visual studio 2017\myprojects\pong\pong\multiballpongmain.cpp(94): warning C4244: '=': conversion from 'double' to 'float', possible loss of data
e:\users\commander shepard\documents\visual studio 2017\myprojects\pong\pong\multiballpongmain.cpp(95): warning C4244: '=': conversion from 'double' to 'float', possible loss of data
e:\users\commander shepard\documents\visual studio 2017\myprojects\pong\pong\multiballpongmain.cpp(98): warning C4838: conversion from 'double' to 'float' requires a narrowing conversion
e:\users\commander shepard\documents\visual studio 2017\myprojects\pong\pong\multiballpongmain.cpp(98): warning C4305: 'initializing': truncation from 'double' to 'float'
e:\users\commander shepard\documents\visual studio 2017\myprojects\pong\pong\multiballpongmain.cpp(99): warning C4838: conversion from 'double' to 'float' requires a narrowing conversion
e:\users\commander shepard\documents\visual studio 2017\myprojects\pong\pong\multiballpongmain.cpp(99): warning C4305: 'initializing': truncation from 'double' to 'float'
e:\users\commander shepard\documents\visual studio 2017\myprojects\pong\pong\multiballpongmain.cpp(163): warning C4244: '+=': conversion from 'double' to 'float', possible loss of data
e:\users\commander shepard\documents\visual studio 2017\myprojects\pong\pong\multiballpongmain.cpp(164): warning C4244: '+=': conversion from 'double' to 'float', possible loss of data
e:\users\commander shepard\documents\visual studio 2017\myprojects\pong\pong\multiballpongmain.cpp(180): warning C4244: '=': conversion from 'float' to 'int', possible loss of data
e:\users\commander shepard\documents\visual studio 2017\myprojects\pong\pong\multiballpongmain.cpp(181): warning C4244: '=': conversion from 'float' to 'int', possible loss of data
e:\users\commander shepard\documents\visual studio 2017\myprojects\pong\pong\multiballpongmain.cpp(182): warning C4244: '=': conversion from 'float' to 'int', possible loss of data
e:\users\commander shepard\documents\visual studio 2017\myprojects\pong\pong\multiballpongmain.cpp(183): warning C4244: '=': conversion from 'float' to 'int', possible loss of data
e:\users\commander shepard\documents\visual studio 2017\myprojects\pong\pong\multiballpongmain.cpp(189): warning C4244: '=': conversion from 'float' to 'int', possible loss of data
e:\users\commander shepard\documents\visual studio 2017\myprojects\pong\pong\multiballpongmain.cpp(190): warning C4244: '=': conversion from 'float' to 'int', possible loss of data
e:\users\commander shepard\documents\visual studio 2017\myprojects\pong\pong\multiballpongmain.cpp(191): warning C4244: '=': conversion from 'float' to 'int', possible loss of data
e:\users\commander shepard\documents\visual studio 2017\myprojects\pong\pong\multiballpongmain.cpp(192): warning C4244: '=': conversion from 'float' to 'int', possible loss of data
e:\users\commander shepard\documents\visual studio 2017\myprojects\pong\pong\multiballpongmain.cpp(195): warning C4244: '=': conversion from 'float' to 'int', possible loss of data
e:\users\commander shepard\documents\visual studio 2017\myprojects\pong\pong\multiballpongmain.cpp(196): warning C4244: '=': conversion from 'float' to 'int', possible loss of data
e:\users\commander shepard\documents\visual studio 2017\myprojects\pong\pong\multiballpongmain.cpp(197): warning C4244: '=': conversion from 'float' to 'int', possible loss of data
e:\users\commander shepard\documents\visual studio 2017\myprojects\pong\pong\multiballpongmain.cpp(198): warning C4244: '=': conversion from 'float' to 'int', possible loss of data
  Pong.vcxproj -> E:\Users\Commander Shepard\Documents\Visual Studio 2017\MyProjects\Pong\Debug\Pong.exe
