  midterm_main.cpp
e:\users\commander shepard\documents\visual studio 2017\myprojects\midterm_v3\midterm_v3\particles.h(52): warning C4305: '=': truncation from 'double' to 'float'
e:\users\commander shepard\documents\visual studio 2017\myprojects\midterm_v3\midterm_v3\particles.h(136): warning C4838: conversion from 'float' to 'int' requires a narrowing conversion
e:\users\commander shepard\documents\visual studio 2017\myprojects\midterm_v3\midterm_v3\particles.h(136): warning C4244: 'initializing': conversion from 'float' to 'int', possible loss of data
e:\users\commander shepard\documents\visual studio 2017\myprojects\midterm_v3\midterm_v3\animation.h(25): warning C4244: '=': conversion from 'int' to 'float', possible loss of data
e:\users\commander shepard\documents\visual studio 2017\myprojects\midterm_v3\midterm_v3\animation.h(26): warning C4244: '=': conversion from 'int' to 'float', possible loss of data
e:\users\commander shepard\documents\visual studio 2017\myprojects\midterm_v3\midterm_v3\animation.h(40): warning C4838: conversion from 'float' to 'int' requires a narrowing conversion
e:\users\commander shepard\documents\visual studio 2017\myprojects\midterm_v3\midterm_v3\animation.h(40): warning C4244: 'initializing': conversion from 'float' to 'int', possible loss of data
e:\users\commander shepard\documents\visual studio 2017\myprojects\midterm_v3\midterm_v3\animation.h(41): warning C4838: conversion from 'float' to 'int' requires a narrowing conversion
e:\users\commander shepard\documents\visual studio 2017\myprojects\midterm_v3\midterm_v3\animation.h(41): warning C4244: 'initializing': conversion from 'float' to 'int', possible loss of data
e:\users\commander shepard\documents\visual studio 2017\myprojects\midterm_v3\midterm_v3\animation.h(55): warning C4838: conversion from 'float' to 'int' requires a narrowing conversion
e:\users\commander shepard\documents\visual studio 2017\myprojects\midterm_v3\midterm_v3\animation.h(55): warning C4244: 'initializing': conversion from 'float' to 'int', possible loss of data
e:\users\commander shepard\documents\visual studio 2017\myprojects\midterm_v3\midterm_v3\animation.h(56): warning C4838: conversion from 'float' to 'int' requires a narrowing conversion
e:\users\commander shepard\documents\visual studio 2017\myprojects\midterm_v3\midterm_v3\animation.h(56): warning C4244: 'initializing': conversion from 'float' to 'int', possible loss of data
e:\users\commander shepard\documents\visual studio 2017\myprojects\midterm_v3\midterm_v3\table_file_core.h(27): warning C4244: 'initializing': conversion from '__int64' to 'unsigned int', possible loss of data
e:\users\commander shepard\documents\visual studio 2017\myprojects\midterm_v3\midterm_v3\table_file_core.h(30): warning C4244: 'argument': conversion from '__int64' to '::size_t', possible loss of data
e:\users\commander shepard\documents\visual studio 2017\myprojects\midterm_v3\midterm_v3\table_file_core.h(58): warning C4244: '=': conversion from '__int64' to 'unsigned int', possible loss of data
e:\users\commander shepard\documents\visual studio 2017\myprojects\midterm_v3\midterm_v3\table_file_core.h(90): warning C4244: 'initializing': conversion from '__int64' to 'unsigned int', possible loss of data
e:\users\commander shepard\documents\visual studio 2017\myprojects\midterm_v3\midterm_v3\table_file_core.h(104): warning C4244: '=': conversion from '__int64' to 'unsigned int', possible loss of data
e:\users\commander shepard\documents\visual studio 2017\myprojects\midterm_v3\midterm_v3\midterm_main.cpp(30): warning C4244: 'argument': conversion from 'time_t' to 'unsigned int', possible loss of data
e:\users\commander shepard\documents\visual studio 2017\myprojects\midterm_v3\midterm_v3\midterm_main.cpp(58): warning C4838: conversion from 'double' to 'float' requires a narrowing conversion
e:\users\commander shepard\documents\visual studio 2017\myprojects\midterm_v3\midterm_v3\midterm_main.cpp(58): warning C4305: 'initializing': truncation from 'double' to 'float'
e:\users\commander shepard\documents\visual studio 2017\myprojects\midterm_v3\midterm_v3\midterm_main.cpp(59): warning C4838: conversion from 'double' to 'float' requires a narrowing conversion
e:\users\commander shepard\documents\visual studio 2017\myprojects\midterm_v3\midterm_v3\midterm_main.cpp(59): warning C4305: 'initializing': truncation from 'double' to 'float'
e:\users\commander shepard\documents\visual studio 2017\myprojects\midterm_v3\midterm_v3\midterm_main.cpp(67): warning C4838: conversion from 'double' to 'float' requires a narrowing conversion
e:\users\commander shepard\documents\visual studio 2017\myprojects\midterm_v3\midterm_v3\midterm_main.cpp(67): warning C4305: 'initializing': truncation from 'double' to 'float'
e:\users\commander shepard\documents\visual studio 2017\myprojects\midterm_v3\midterm_v3\midterm_main.cpp(68): warning C4838: conversion from 'double' to 'float' requires a narrowing conversion
e:\users\commander shepard\documents\visual studio 2017\myprojects\midterm_v3\midterm_v3\midterm_main.cpp(68): warning C4305: 'initializing': truncation from 'double' to 'float'
e:\users\commander shepard\documents\visual studio 2017\myprojects\midterm_v3\midterm_v3\midterm_main.cpp(98): warning C4838: conversion from 'double' to 'float' requires a narrowing conversion
e:\users\commander shepard\documents\visual studio 2017\myprojects\midterm_v3\midterm_v3\midterm_main.cpp(98): warning C4305: 'initializing': truncation from 'double' to 'float'
e:\users\commander shepard\documents\visual studio 2017\myprojects\midterm_v3\midterm_v3\midterm_main.cpp(115): warning C4018: '<': signed/unsigned mismatch
e:\users\commander shepard\documents\visual studio 2017\myprojects\midterm_v3\midterm_v3\midterm_main.cpp(119): warning C4018: '<': signed/unsigned mismatch
e:\users\commander shepard\documents\visual studio 2017\myprojects\midterm_v3\midterm_v3\midterm_main.cpp(132): warning C4018: '<': signed/unsigned mismatch
e:\users\commander shepard\documents\visual studio 2017\myprojects\midterm_v3\midterm_v3\midterm_main.cpp(136): warning C4018: '<': signed/unsigned mismatch
e:\users\commander shepard\documents\visual studio 2017\myprojects\midterm_v3\midterm_v3\midterm_main.cpp(274): warning C4244: 'argument': conversion from 'float' to 'int', possible loss of data
e:\users\commander shepard\documents\visual studio 2017\myprojects\midterm_v3\midterm_v3\midterm_main.cpp(278): warning C4244: 'argument': conversion from 'float' to 'int', possible loss of data
  Midterm_v3.vcxproj -> e:\Users\Commander Shepard\Documents\Visual Studio 2017\MyProjects\Midterm_v3\Debug\Midterm_v3.exe
